[debug] [2021-02-15T18:37:41.175Z] ----------------------------------------------------------------------
[debug] [2021-02-15T18:37:41.176Z] Command:       /usr/local/bin/node /Users/joseph/.npm-global/bin/firebase deploy
[debug] [2021-02-15T18:37:41.176Z] CLI Version:   9.3.0
[debug] [2021-02-15T18:37:41.177Z] Platform:      darwin
[debug] [2021-02-15T18:37:41.177Z] Node Version:  v14.15.4
[debug] [2021-02-15T18:37:41.179Z] Time:          Mon Feb 15 2021 18:37:41 GMT+0000 (Greenwich Mean Time)
[debug] [2021-02-15T18:37:41.179Z] ----------------------------------------------------------------------
[debug] [2021-02-15T18:37:41.179Z] 
[debug] [2021-02-15T18:37:41.186Z] > command requires scopes: ["email","openid","https://www.googleapis.com/auth/cloudplatformprojects.readonly","https://www.googleapis.com/auth/firebase","https://www.googleapis.com/auth/cloud-platform"]
[debug] [2021-02-15T18:37:41.186Z] > authorizing via signed-in user
[debug] [2021-02-15T18:37:41.186Z] [iam] checking project loma-b3a1a for permissions ["firebase.projects.get","firebasehosting.sites.update"]
[debug] [2021-02-15T18:37:41.188Z] > refreshing access token with scopes: ["email","https://www.googleapis.com/auth/cloud-platform","https://www.googleapis.com/auth/cloudplatformprojects.readonly","https://www.googleapis.com/auth/firebase","openid"]
[debug] [2021-02-15T18:37:41.188Z] >>> HTTP REQUEST POST https://www.googleapis.com/oauth2/v3/token  
 <request body omitted>
[debug] [2021-02-15T18:37:41.318Z] <<< HTTP RESPONSE 200 {"date":"Mon, 15 Feb 2021 18:37:41 GMT","expires":"Mon, 01 Jan 1990 00:00:00 GMT","pragma":"no-cache","cache-control":"no-cache, no-store, max-age=0, must-revalidate","content-type":"application/json; charset=utf-8","vary":"X-Origin, Referer, Origin,Accept-Encoding","server":"scaffolding on HTTPServer2","x-xss-protection":"0","x-frame-options":"SAMEORIGIN","x-content-type-options":"nosniff","alt-svc":"h3-29=\":443\"; ma=2592000,h3-T051=\":443\"; ma=2592000,h3-Q050=\":443\"; ma=2592000,h3-Q046=\":443\"; ma=2592000,h3-Q043=\":443\"; ma=2592000,quic=\":443\"; ma=2592000; v=\"46,43\"","accept-ranges":"none","transfer-encoding":"chunked"}
[debug] [2021-02-15T18:37:41.359Z] >>> HTTP REQUEST POST https://cloudresourcemanager.googleapis.com/v1/projects/loma-b3a1a:testIamPermissions  
 {"permissions":["firebase.projects.get","firebasehosting.sites.update"]}
[debug] [2021-02-15T18:37:41.983Z] <<< HTTP RESPONSE 200 {"content-type":"application/json; charset=UTF-8","vary":"X-Origin, Referer, Origin,Accept-Encoding","date":"Mon, 15 Feb 2021 18:37:41 GMT","server":"ESF","cache-control":"private","x-xss-protection":"0","x-frame-options":"SAMEORIGIN","x-content-type-options":"nosniff","server-timing":"gfet4t7; dur=552","alt-svc":"h3-29=\":443\"; ma=2592000,h3-T051=\":443\"; ma=2592000,h3-Q050=\":443\"; ma=2592000,h3-Q046=\":443\"; ma=2592000,h3-Q043=\":443\"; ma=2592000,quic=\":443\"; ma=2592000; v=\"46,43\"","accept-ranges":"none","transfer-encoding":"chunked"}
[debug] [2021-02-15T18:37:41.986Z] > refreshing access token with scopes: []
[debug] [2021-02-15T18:37:41.987Z] >>> HTTP REQUEST POST https://www.googleapis.com/oauth2/v3/token  
 <request body omitted>
[debug] [2021-02-15T18:37:42.065Z] <<< HTTP RESPONSE 200 {"pragma":"no-cache","cache-control":"no-cache, no-store, max-age=0, must-revalidate","expires":"Mon, 01 Jan 1990 00:00:00 GMT","date":"Mon, 15 Feb 2021 18:37:42 GMT","content-type":"application/json; charset=utf-8","vary":"X-Origin, Referer, Origin,Accept-Encoding","server":"scaffolding on HTTPServer2","x-xss-protection":"0","x-frame-options":"SAMEORIGIN","x-content-type-options":"nosniff","alt-svc":"h3-29=\":443\"; ma=2592000,h3-T051=\":443\"; ma=2592000,h3-Q050=\":443\"; ma=2592000,h3-Q046=\":443\"; ma=2592000,h3-Q043=\":443\"; ma=2592000,quic=\":443\"; ma=2592000; v=\"46,43\"","accept-ranges":"none","transfer-encoding":"chunked"}
[debug] [2021-02-15T18:37:42.088Z] >>> [apiv2][query] GET https://firebase.googleapis.com/v1beta1/projects/loma-b3a1a [none]
[debug] [2021-02-15T18:37:42.286Z] <<< [apiv2][status] GET https://firebase.googleapis.com/v1beta1/projects/loma-b3a1a 200
[debug] [2021-02-15T18:37:42.286Z] <<< [apiv2][body] GET https://firebase.googleapis.com/v1beta1/projects/loma-b3a1a {"projectId":"loma-b3a1a","projectNumber":"936413611566","displayName":"loma","name":"projects/loma-b3a1a","resources":{"hostingSite":"loma-b3a1a","storageBucket":"loma-b3a1a.appspot.com","locationId":"europe-west"},"state":"ACTIVE"}
[info] 
[info] === Deploying to 'loma-b3a1a'...
[info] 
[info] i  deploying hosting 
[debug] [2021-02-15T18:37:42.293Z] > refreshing access token with scopes: ["email","https://www.googleapis.com/auth/cloud-platform","https://www.googleapis.com/auth/cloudplatformprojects.readonly","https://www.googleapis.com/auth/firebase","openid"]
[debug] [2021-02-15T18:37:42.293Z] >>> HTTP REQUEST POST https://www.googleapis.com/oauth2/v3/token  
 <request body omitted>
[debug] [2021-02-15T18:37:42.420Z] <<< HTTP RESPONSE 200 {"date":"Mon, 15 Feb 2021 18:37:42 GMT","cache-control":"no-cache, no-store, max-age=0, must-revalidate","pragma":"no-cache","expires":"Mon, 01 Jan 1990 00:00:00 GMT","content-type":"application/json; charset=utf-8","vary":"X-Origin, Referer, Origin,Accept-Encoding","server":"scaffolding on HTTPServer2","x-xss-protection":"0","x-frame-options":"SAMEORIGIN","x-content-type-options":"nosniff","alt-svc":"h3-29=\":443\"; ma=2592000,h3-T051=\":443\"; ma=2592000,h3-Q050=\":443\"; ma=2592000,h3-Q046=\":443\"; ma=2592000,h3-Q043=\":443\"; ma=2592000,quic=\":443\"; ma=2592000; v=\"46,43\"","accept-ranges":"none","transfer-encoding":"chunked"}
[debug] [2021-02-15T18:37:42.442Z] >>> HTTP REQUEST POST https://firebasehosting.googleapis.com/v1beta1/sites/loma-b3a1a/versions  
 {"config":{"rewrites":[{"glob":"**","path":"/index.html"}]},"labels":{"deployment-tool":"cli-firebase"}}
